# JRE version: Java(TM) SE Runtime Environment (8.0_112-b15) (build 1.8.0_112-b15)
# Java VM: Java HotSpot(TM) 64-Bit Server VM (25.112-b15 mixed mode windows-amd64 compressed oops)
Heap:
 PSYoungGen      total 55296K, used 21966K [0x00000007bc400000, 0x00000007c0000000, 0x00000007c0000000)
  eden space 49152K, 37% used [0x00000007bc400000,0x00000007bd611fe8,0x00000007bf400000)
  from space 6144K, 56% used [0x00000007bfa00000,0x00000007bfd618d0,0x00000007c0000000)
  to   space 6144K, 0% used [0x00000007bf400000,0x00000007bf400000,0x00000007bfa00000)
 ParOldGen       total 261632K, used 162039K [0x0000000700000000, 0x000000070ff80000, 0x00000007bc400000)
  object space 261632K, 61% used [0x0000000700000000,0x0000000709e3dfc8,0x000000070ff80000)
 Metaspace       used 84088K, capacity 84929K, committed 85504K, reserved 1122304K
  class space    used 11846K, capacity 11988K, committed 12032K, reserved 1048576K
GC Heap History (10 events):
Event: 4542.509 GC heap before
{Heap before GC invocations=563 (full 17):
 PSYoungGen      total 54272K, used 50579K [0x00000007bc400000, 0x00000007c0000000, 0x00000007c0000000)
  eden space 47104K, 100% used [0x00000007bc400000,0x00000007bf200000,0x00000007bf200000)
  from space 7168K, 48% used [0x00000007bf200000,0x00000007bf564f90,0x00000007bf900000)
  to   space 6656K, 0% used [0x00000007bf980000,0x00000007bf980000,0x00000007c0000000)
 ParOldGen       total 261632K, used 161991K [0x0000000700000000, 0x000000070ff80000, 0x00000007bc400000)
  object space 261632K, 61% used [0x0000000700000000,0x0000000709e31fc8,0x000000070ff80000)
 Metaspace       used 84006K, capacity 84829K, committed 85504K, reserved 1122304K
  class space    used 11830K, capacity 11982K, committed 12032K, reserved 1048576K
Event: 4542.516 GC heap after
Heap after GC invocations=563 (full 17):
 PSYoungGen      total 54784K, used 3425K [0x00000007bc400000, 0x00000007c0000000, 0x00000007c0000000)
  eden space 48128K, 0% used [0x00000007bc400000,0x00000007bc400000,0x00000007bf300000)
  from space 6656K, 51% used [0x00000007bf980000,0x00000007bfcd8648,0x00000007c0000000)
  to   space 6656K, 0% used [0x00000007bf300000,0x00000007bf300000,0x00000007bf980000)
 ParOldGen       total 261632K, used 162015K [0x0000000700000000, 0x000000070ff80000, 0x00000007bc400000)
  object space 261632K, 61% used [0x0000000700000000,0x0000000709e37fc8,0x000000070ff80000)
 Metaspace       used 84006K, capacity 84829K, committed 85504K, reserved 1122304K
  class space    used 11830K, capacity 11982K, committed 12032K, reserved 1048576K
}
Event: 4542.883 GC heap before
{Heap before GC invocations=564 (full 17):
 PSYoungGen      total 54784K, used 51553K [0x00000007bc400000, 0x00000007c0000000, 0x00000007c0000000)
  eden space 48128K, 100% used [0x00000007bc400000,0x00000007bf300000,0x00000007bf300000)
  from space 6656K, 51% used [0x00000007bf980000,0x00000007bfcd8648,0x00000007c0000000)
  to   space 6656K, 0% used [0x00000007bf300000,0x00000007bf300000,0x00000007bf980000)
 ParOldGen       total 261632K, used 162015K [0x0000000700000000, 0x000000070ff80000, 0x00000007bc400000)
  object space 261632K, 61% used [0x0000000700000000,0x0000000709e37fc8,0x000000070ff80000)
 Metaspace       used 84006K, capacity 84829K, committed 85504K, reserved 1122304K
  class space    used 11830K, capacity 11982K, committed 12032K, reserved 1048576K
Event: 4542.892 GC heap after
Heap after GC invocations=564 (full 17):
 PSYoungGen      total 54784K, used 3379K [0x00000007bc400000, 0x00000007c0000000, 0x00000007c0000000)
  eden space 48128K, 0% used [0x00000007bc400000,0x00000007bc400000,0x00000007bf300000)
  from space 6656K, 50% used [0x00000007bf300000,0x00000007bf64cf88,0x00000007bf980000)
  to   space 6656K, 0% used [0x00000007bf980000,0x00000007bf980000,0x00000007c0000000)
 ParOldGen       total 261632K, used 162015K [0x0000000700000000, 0x000000070ff80000, 0x00000007bc400000)
  object space 261632K, 61% used [0x0000000700000000,0x0000000709e37fc8,0x000000070ff80000)
 Metaspace       used 84006K, capacity 84829K, committed 85504K, reserved 1122304K
  class space    used 11830K, capacity 11982K, committed 12032K, reserved 1048576K
}
Event: 4543.294 GC heap before
{Heap before GC invocations=565 (full 17):
 PSYoungGen      total 54784K, used 51507K [0x00000007bc400000, 0x00000007c0000000, 0x00000007c0000000)
  eden space 48128K, 100% used [0x00000007bc400000,0x00000007bf300000,0x00000007bf300000)
  from space 6656K, 50% used [0x00000007bf300000,0x00000007bf64cf88,0x00000007bf980000)
  to   space 6656K, 0% used [0x00000007bf980000,0x00000007bf980000,0x00000007c0000000)
 ParOldGen       total 261632K, used 162015K [0x0000000700000000, 0x000000070ff80000, 0x00000007bc400000)
  object space 261632K, 61% used [0x0000000700000000,0x0000000709e37fc8,0x000000070ff80000)
 Metaspace       used 84006K, capacity 84829K, committed 85504K, reserved 1122304K
  class space    used 11830K, capacity 11982K, committed 12032K, reserved 1048576K
Event: 4543.299 GC heap after
Heap after GC invocations=565 (full 17):
 PSYoungGen      total 55296K, used 3462K [0x00000007bc400000, 0x00000007c0000000, 0x00000007c0000000)
  eden space 48640K, 0% used [0x00000007bc400000,0x00000007bc400000,0x00000007bf380000)
  from space 6656K, 52% used [0x00000007bf980000,0x00000007bfce18d0,0x00000007c0000000)
  to   space 6144K, 0% used [0x00000007bf380000,0x00000007bf380000,0x00000007bf980000)
 ParOldGen       total 261632K, used 162015K [0x0000000700000000, 0x000000070ff80000, 0x00000007bc400000)
  object space 261632K, 61% used [0x0000000700000000,0x0000000709e37fc8,0x000000070ff80000)
 Metaspace       used 84006K, capacity 84829K, committed 85504K, reserved 1122304K
  class space    used 11830K, capacity 11982K, committed 12032K, reserved 1048576K
}
Event: 4543.655 GC heap before
{Heap before GC invocations=566 (full 17):
 PSYoungGen      total 55296K, used 52102K [0x00000007bc400000, 0x00000007c0000000, 0x00000007c0000000)
  eden space 48640K, 100% used [0x00000007bc400000,0x00000007bf380000,0x00000007bf380000)
  from space 6656K, 52% used [0x00000007bf980000,0x00000007bfce18d0,0x00000007c0000000)
  to   space 6144K, 0% used [0x00000007bf380000,0x00000007bf380000,0x00000007bf980000)
 ParOldGen       total 261632K, used 162015K [0x0000000700000000, 0x000000070ff80000, 0x00000007bc400000)
  object space 261632K, 61% used [0x0000000700000000,0x0000000709e37fc8,0x000000070ff80000)
 Metaspace       used 84006K, capacity 84829K, committed 85504K, reserved 1122304K
  class space    used 11830K, capacity 11982K, committed 12032K, reserved 1048576K
Event: 4543.663 GC heap after
Heap after GC invocations=566 (full 17):
 PSYoungGen      total 54784K, used 3462K [0x00000007bc400000, 0x00000007c0000000, 0x00000007c0000000)
  eden space 48640K, 0% used [0x00000007bc400000,0x00000007bc400000,0x00000007bf380000)
  from space 6144K, 56% used [0x00000007bf380000,0x00000007bf6e18d0,0x00000007bf980000)
  to   space 6144K, 0% used [0x00000007bfa00000,0x00000007bfa00000,0x00000007c0000000)
 ParOldGen       total 261632K, used 162015K [0x0000000700000000, 0x000000070ff80000, 0x00000007bc400000)
  object space 261632K, 61% used [0x0000000700000000,0x0000000709e37fc8,0x000000070ff80000)
 Metaspace       used 84006K, capacity 84829K, committed 85504K, reserved 1122304K
  class space    used 11830K, capacity 11982K, committed 12032K, reserved 1048576K
}
Event: 4543.994 GC heap before
{Heap before GC invocations=567 (full 17):
 PSYoungGen      total 54784K, used 52102K [0x00000007bc400000, 0x00000007c0000000, 0x00000007c0000000)
  eden space 48640K, 100% used [0x00000007bc400000,0x00000007bf380000,0x00000007bf380000)
  from space 6144K, 56% used [0x00000007bf380000,0x00000007bf6e18d0,0x00000007bf980000)
  to   space 6144K, 0% used [0x00000007bfa00000,0x00000007bfa00000,0x00000007c0000000)
 ParOldGen       total 261632K, used 162015K [0x0000000700000000, 0x000000070ff80000, 0x00000007bc400000)
  object space 261632K, 61% used [0x0000000700000000,0x0000000709e37fc8,0x000000070ff80000)
 Metaspace       used 84006K, capacity 84829K, committed 85504K, reserved 1122304K
  class space    used 11830K, capacity 11982K, committed 12032K, reserved 1048576K
Event: 4544.000 GC heap after
Heap after GC invocations=567 (full 17):
 PSYoungGen      total 55296K, used 3462K [0x00000007bc400000, 0x00000007c0000000, 0x00000007c0000000)
  eden space 49152K, 0% used [0x00000007bc400000,0x00000007bc400000,0x00000007bf400000)
  from space 6144K, 56% used [0x00000007bfa00000,0x00000007bfd618d0,0x00000007c0000000)
  to   space 6144K, 0% used [0x00000007bf400000,0x00000007bf400000,0x00000007bfa00000)
 ParOldGen       total 261632K, used 162039K [0x0000000700000000, 0x000000070ff80000, 0x00000007bc400000)
  object space 261632K, 61% used [0x0000000700000000,0x0000000709e3dfc8,0x000000070ff80000)
 Metaspace       used 84006K, capacity 84829K, committed 85504K, reserved 1122304K
  class space    used 11830K, capacity 11982K, committed 12032K, reserved 1048576K
}

